<?xml version="1.0" encoding="UTF-8"?>
<testsuite xmlns:xsi="http://www.w3.org/2001/XMLSchema-instance" xsi:noNamespaceSchemaLocation="https://maven.apache.org/surefire/maven-surefire-plugin/xsd/surefire-test-report.xsd" name="io.ikatoo.cryptoassets.CryptoAssetsApplicationTests" time="0.764" tests="1" errors="1" skipped="0" failures="0">
  <properties>
[...]
</properties>
  <testcase name="initializationError" classname="io.ikatoo.cryptoassets.CryptoAssetsApplicationTests" time="0.01">
    <error message="Unable to find a @SpringBootConfiguration, you need to use @ContextConfiguration or @SpringBootTest(classes=...) with your test" type="java.lang.IllegalStateException">java.lang.IllegalStateException: Unable to find a @SpringBootConfiguration, you need to use @ContextConfiguration or @SpringBootTest(classes=...) with your test
</error>
    <system-out><![CDATA[22:26:16.166 [main] DEBUG org.springframework.test.context.junit4.SpringJUnit4ClassRunner - SpringJUnit4ClassRunner constructor called with [class io.ikatoo.cryptoassets.CryptoAssetsApplicationTests]
22:26:16.177 [main] DEBUG org.springframework.test.context.BootstrapUtils - Instantiating CacheAwareContextLoaderDelegate from class [org.springframework.test.context.cache.DefaultCacheAwareContextLoaderDelegate]
22:26:16.202 [main] DEBUG org.springframework.test.context.BootstrapUtils - Instantiating BootstrapContext using constructor [public org.springframework.test.context.support.DefaultBootstrapContext(java.lang.Class,org.springframework.test.context.CacheAwareContextLoaderDelegate)]
22:26:16.237 [main] DEBUG org.springframework.test.context.BootstrapUtils - Instantiating TestContextBootstrapper for test class [io.ikatoo.cryptoassets.CryptoAssetsApplicationTests] from class [org.springframework.boot.test.context.SpringBootTestContextBootstrapper]
22:26:16.261 [main] INFO org.springframework.boot.test.context.SpringBootTestContextBootstrapper - Neither @ContextConfiguration nor @ContextHierarchy found for test class [io.ikatoo.cryptoassets.CryptoAssetsApplicationTests], using SpringBootContextLoader
22:26:16.271 [main] DEBUG org.springframework.test.context.support.AbstractContextLoader - Did not detect default resource location for test class [io.ikatoo.cryptoassets.CryptoAssetsApplicationTests]: class path resource [io/ikatoo/cryptoassets/CryptoAssetsApplicationTests-context.xml] does not exist
22:26:16.274 [main] DEBUG org.springframework.test.context.support.AbstractContextLoader - Did not detect default resource location for test class [io.ikatoo.cryptoassets.CryptoAssetsApplicationTests]: class path resource [io/ikatoo/cryptoassets/CryptoAssetsApplicationTestsContext.groovy] does not exist
22:26:16.274 [main] INFO org.springframework.test.context.support.AbstractContextLoader - Could not detect default resource locations for test class [io.ikatoo.cryptoassets.CryptoAssetsApplicationTests]: no resource found for suffixes {-context.xml, Context.groovy}.
22:26:16.276 [main] INFO org.springframework.test.context.support.AnnotationConfigContextLoaderUtils - Could not detect default configuration classes for test class [io.ikatoo.cryptoassets.CryptoAssetsApplicationTests]: CryptoAssetsApplicationTests does not declare any static, non-private, non-final, nested classes annotated with @Configuration.
22:26:16.392 [main] DEBUG org.springframework.test.context.support.ActiveProfilesUtils - Could not find an 'annotation declaring class' for annotation type [org.springframework.test.context.ActiveProfiles] and class [io.ikatoo.cryptoassets.CryptoAssetsApplicationTests]
]]></system-out>
  </testcase>
</testsuite>